A D/adc////
A D/allinone////
A D/aodv////
A D/apps////
A D/asim////
A D/baytcp////
A D/bin////
A D/bitmap////
A D/classifier////
A D/common////
A D/conf////
A D/diffserv////
A D/diffusion////
A D/diffusion3////
A D/doc////
A D/dsdv////
A D/dsr////
A D/empweb////
A D/emulate////
A D/gaf////
A D/hsntg////
A D/imep////
A D/indep-utils////
A D/interference////
A D/lib////
A D/link////
A D/linkstate////
A D/mac////
A D/mcast////
A D/mobile////
A D/mpls////
A D/myevalvid////
A D/nix////
A D/noah////
A D/ns-tutorial////
A D/pgm////
A D/plm////
A D/pushback////
A D/qs////
A D/queue////
A D/rap////
A D/realaudio////
A D/routealgo////
A D/routing////
A D/rtproto////
A D/satellite////
A D/sctp////
A D/sensor-nets////
A D/src_rtg////
A D/tcl////
A D/tcp////
A D/tools////
A D/tora////
A D/trace////
A D/ucbt-0.9.8.2a////
A D/umts////
A D/umts-nist////
A D/webcache////
A D/wimax////
A D/wpan////
A D/xcp////
R D/umts-nist////
